Using pre-set license

 COMMAND LINE ARGUMENTS:
/Applications/Unity/Hub/Editor/2020.3.10f1/Unity.app/Contents/MacOS/Unity
-adb2
-batchMode
-noUpm
-name
AssetImportWorker0
-projectPath
/Users/adisauter/Documents/Studium/4. Semester/Teamprojekt/ClimateMuseum_BackUp
-logFile
Logs/AssetImportWorker0.log
-srvPort
60575
Successfully changed project path to: /Users/adisauter/Documents/Studium/4. Semester/Teamprojekt/ClimateMuseum_BackUp
/Users/adisauter/Documents/Studium/4. Semester/Teamprojekt/ClimateMuseum_BackUp
Using Asset Import Pipeline V2.
Refreshing native plugins compatible for Editor in 37.43 ms, found 2 plugins.
Preloading 0 native plugins for Editor in 0.00 ms.
Initialize engine version: 2020.3.10f1 (297d780c91bc)
[Subsystems] Discovering subsystems at path /Applications/Unity/Hub/Editor/2020.3.10f1/Unity.app/Contents/Resources/UnitySubsystems
[Subsystems] Discovering subsystems at path /Users/adisauter/Documents/Studium/4. Semester/Teamprojekt/ClimateMuseum_BackUp/Assets
GfxDevice: creating device client; threaded=0
2021-06-17 14:11:32.887 Unity[78280:906212] Color LCD preferred device: Intel(R) Iris(TM) Plus Graphics 645 (low power)
2021-06-17 14:11:32.887 Unity[78280:906212] Metal devices available: 1
2021-06-17 14:11:32.887 Unity[78280:906212] 0: Intel(R) Iris(TM) Plus Graphics 645 (low power)
2021-06-17 14:11:32.888 Unity[78280:906212] Using device Intel(R) Iris(TM) Plus Graphics 645 (low power)
Initializing Metal device caps: Intel(R) Iris(TM) Plus Graphics 645
Initialize mono
Mono path[0] = '/Applications/Unity/Hub/Editor/2020.3.10f1/Unity.app/Contents/Managed'
Mono path[1] = '/Applications/Unity/Hub/Editor/2020.3.10f1/Unity.app/Contents/MonoBleedingEdge/lib/mono/unityjit'
Mono config path = '/Applications/Unity/Hub/Editor/2020.3.10f1/Unity.app/Contents/MonoBleedingEdge/etc'
Using monoOptions --debugger-agent=transport=dt_socket,embedding=1,server=y,suspend=n,address=127.0.0.1:56280
Begin MonoManager ReloadAssembly
Registering precompiled unity dll's ...
Register platform support module: /Applications/Unity/Hub/Editor/2020.3.10f1/Unity.app/Contents/PlaybackEngines/MacStandaloneSupport/UnityEditor.OSXStandalone.Extensions.dll
Registered in 0.002023 seconds.
Native extension for OSXStandalone target not found
Refreshing native plugins compatible for Editor in 34.93 ms, found 2 plugins.
Preloading 0 native plugins for Editor in 0.00 ms.
Mono: successfully reloaded assembly
- Completed reload, in  1.976 seconds
Platform modules already initialized, skipping
Registering precompiled user dll's ...
Registered in 0.003187 seconds.
Begin MonoManager ReloadAssembly
Native extension for OSXStandalone target not found
Refreshing native plugins compatible for Editor in 0.39 ms, found 2 plugins.
Preloading 0 native plugins for Editor in 0.00 ms.
Mono: successfully reloaded assembly
- Completed reload, in  1.245 seconds
Platform modules already initialized, skipping
========================================================================
Worker process is ready to serve import requests
Launching external process: /Applications/Unity/Hub/Editor/2020.3.10f1/Unity.app/Contents/Tools/UnityShaderCompiler
Launched and connected shader compiler UnityShaderCompiler after 0.01 seconds
Refreshing native plugins compatible for Editor in 0.43 ms, found 2 plugins.
Preloading 0 native plugins for Editor in 0.00 ms.
Unloading 1450 Unused Serialized files (Serialized files now loaded: 0)
System memory in use before: 162.5 MB.
System memory in use after: 162.6 MB.

Unloading 17 unused Assets to reduce memory usage. Loaded Objects now: 1924.
Total: 2.132588 ms (FindLiveObjects: 0.230164 ms CreateObjectMapping: 0.061290 ms MarkObjects: 1.805143 ms  DeleteObjects: 0.034439 ms)

========================================================================
Received Import Request.
  path: Assets/Prefabs/SliderTable 1.prefab
  artifactKey: Guid(85c9dbf3a56f74dddbb18183727c91d4) Importer(815301076,1909f56bfc062723c751e8b465ee728b)
Start importing Assets/Prefabs/SliderTable 1.prefab using Guid(85c9dbf3a56f74dddbb18183727c91d4) Importer(815301076,1909f56bfc062723c751e8b465ee728b)  -> (artifact id: '2c06385fb48e872aa25b3054eee63463') in 2.364536 seconds
  Import took 2.369127 seconds .

========================================================================
Received Prepare
Registering precompiled user dll's ...
Registered in 0.006711 seconds.
Begin MonoManager ReloadAssembly
Native extension for OSXStandalone target not found
Refreshing native plugins compatible for Editor in 0.42 ms, found 2 plugins.
Preloading 0 native plugins for Editor in 0.00 ms.
Mono: successfully reloaded assembly
- Completed reload, in  1.244 seconds
Platform modules already initialized, skipping
Refreshing native plugins compatible for Editor in 0.63 ms, found 2 plugins.
Preloading 0 native plugins for Editor in 0.00 ms.
Unloading 1434 Unused Serialized files (Serialized files now loaded: 0)
System memory in use before: 169.8 MB.
System memory in use after: 169.9 MB.

Unloading 17 unused Assets to reduce memory usage. Loaded Objects now: 1936.
Total: 2.571021 ms (FindLiveObjects: 0.242361 ms CreateObjectMapping: 0.067620 ms MarkObjects: 2.222898 ms  DeleteObjects: 0.037153 ms)

========================================================================
Received Import Request.
  Time since last request: 862.307701 seconds.
  path: Assets/Prefabs/SliderTable 2.prefab
  artifactKey: Guid(eb28cb493d8694bad8c719fb9a7fb736) Importer(815301076,1909f56bfc062723c751e8b465ee728b)
Start importing Assets/Prefabs/SliderTable 2.prefab using Guid(eb28cb493d8694bad8c719fb9a7fb736) Importer(815301076,1909f56bfc062723c751e8b465ee728b)  -> (artifact id: '05ba6db726a1372ec9620619bf03c333') in 0.169408 seconds
  Import took 0.172869 seconds .

========================================================================
Received Prepare
Registering precompiled user dll's ...
Registered in 0.008265 seconds.
Begin MonoManager ReloadAssembly
Native extension for OSXStandalone target not found
Refreshing native plugins compatible for Editor in 0.60 ms, found 2 plugins.
Preloading 0 native plugins for Editor in 0.00 ms.
Mono: successfully reloaded assembly
- Completed reload, in  1.255 seconds
Platform modules already initialized, skipping
Refreshing native plugins compatible for Editor in 0.46 ms, found 2 plugins.
Preloading 0 native plugins for Editor in 0.00 ms.
Unloading 1434 Unused Serialized files (Serialized files now loaded: 0)
System memory in use before: 170.2 MB.
System memory in use after: 170.3 MB.

Unloading 17 unused Assets to reduce memory usage. Loaded Objects now: 1940.
Total: 3.169716 ms (FindLiveObjects: 0.481089 ms CreateObjectMapping: 0.135911 ms MarkObjects: 2.470074 ms  DeleteObjects: 0.080880 ms)

